<?xml version="1.0" encoding="UTF-8"?>
<!-- Generated by org.testng.reporters.JUnitXMLReporter -->
<testsuite ignored="0" hostname="DESKTOP-TRF2919" failures="1" tests="20" name="Sathya Mavan Automation Test" time="1141.659" errors="0" timestamp="2020-04-08T16:36:33 IST">
  <testcase classname="aSathyaTestCases.SamsungTv4Test" name="@BeforeMethod setUp" time="263.9">
    <failure type="org.openqa.selenium.NoSuchElementException" message="no such element: Unable to locate element: {&amp;quot;method&amp;quot;:&amp;quot;css selector&amp;quot;,&amp;quot;selector&amp;quot;:&amp;quot;#Email&amp;quot;}
  (Session info: chrome=80.0.3987.163)
For documentation on this error, please visit: https://www.seleniumhq.org/exceptions/no_such_element.html
Build info: version: &amp;apos;3.141.59&amp;apos;, revision: &amp;apos;e82be7d358&amp;apos;, time: &amp;apos;2018-11-14T08:17:03&amp;apos;
System info: host: &amp;apos;DESKTOP-TRF2919&amp;apos;, ip: &amp;apos;192.168.43.65&amp;apos;, os.name: &amp;apos;Windows 10&amp;apos;, os.arch: &amp;apos;amd64&amp;apos;, os.version: &amp;apos;10.0&amp;apos;, java.version: &amp;apos;12.0.2&amp;apos;
Driver info: org.openqa.selenium.chrome.ChromeDriver
Capabilities {acceptInsecureCerts: false, browserName: chrome, browserVersion: 80.0.3987.163, chrome: {chromedriverVersion: 80.0.3987.106 (f68069574609..., userDataDir: C:\Users\hp\AppData\Local\T...}, goog:chromeOptions: {debuggerAddress: localhost:62024}, javascriptEnabled: true, networkConnectionEnabled: false, pageLoadStrategy: normal, platform: WINDOWS, platformName: WINDOWS, proxy: Proxy(), setWindowRect: true, strictFileInteractability: false, timeouts: {implicit: 0, pageLoad: 300000, script: 30000}, unhandledPromptBehavior: dismiss and notify}
Session ID: 3e77a5a98f43b9bf32f80021e2b9f59c
*** Element info: {Using=id, value=Email}">
      <![CDATA[org.openqa.selenium.NoSuchElementException: no such element: Unable to locate element: {"method":"css selector","selector":"#Email"}
  (Session info: chrome=80.0.3987.163)
For documentation on this error, please visit: https://www.seleniumhq.org/exceptions/no_such_element.html
Build info: version: '3.141.59', revision: 'e82be7d358', time: '2018-11-14T08:17:03'
System info: host: 'DESKTOP-TRF2919', ip: '192.168.43.65', os.name: 'Windows 10', os.arch: 'amd64', os.version: '10.0', java.version: '12.0.2'
Driver info: org.openqa.selenium.chrome.ChromeDriver
Capabilities {acceptInsecureCerts: false, browserName: chrome, browserVersion: 80.0.3987.163, chrome: {chromedriverVersion: 80.0.3987.106 (f68069574609..., userDataDir: C:\Users\hp\AppData\Local\T...}, goog:chromeOptions: {debuggerAddress: localhost:62024}, javascriptEnabled: true, networkConnectionEnabled: false, pageLoadStrategy: normal, platform: WINDOWS, platformName: WINDOWS, proxy: Proxy(), setWindowRect: true, strictFileInteractability: false, timeouts: {implicit: 0, pageLoad: 300000, script: 30000}, unhandledPromptBehavior: dismiss and notify}
Session ID: 3e77a5a98f43b9bf32f80021e2b9f59c
*** Element info: {Using=id, value=Email}
at org.openqa.selenium.remote.http.W3CHttpResponseCodec.createException(W3CHttpResponseCodec.java:187)
at org.openqa.selenium.remote.http.W3CHttpResponseCodec.decode(W3CHttpResponseCodec.java:122)
at org.openqa.selenium.remote.http.W3CHttpResponseCodec.decode(W3CHttpResponseCodec.java:49)
at org.openqa.selenium.remote.HttpCommandExecutor.execute(HttpCommandExecutor.java:158)
at org.openqa.selenium.remote.service.DriverCommandExecutor.execute(DriverCommandExecutor.java:83)
at org.openqa.selenium.remote.RemoteWebDriver.execute(RemoteWebDriver.java:552)
at org.openqa.selenium.remote.RemoteWebDriver.findElement(RemoteWebDriver.java:323)
at org.openqa.selenium.remote.RemoteWebDriver.findElementById(RemoteWebDriver.java:372)
at org.openqa.selenium.By$ById.findElement(By.java:188)
at org.openqa.selenium.remote.RemoteWebDriver.findElement(RemoteWebDriver.java:315)
at org.openqa.selenium.support.pagefactory.DefaultElementLocator.findElement(DefaultElementLocator.java:69)
at org.openqa.selenium.support.pagefactory.internal.LocatingElementHandler.invoke(LocatingElementHandler.java:38)
at com.sun.proxy.$Proxy13.sendKeys(Unknown Source)
at bSathyaPages.LoginPage.login(LoginPage.java:47)
at aSathyaTestCases.SamsungTv4Test.setUp(SamsungTv4Test.java:53)
at java.base/java.util.ArrayList.forEach(ArrayList.java:1540)
... Removed 36 stack frames]]>
    </failure>
  </testcase> <!-- @BeforeMethod setUp -->
  <testcase classname="aSathyaTestCases.SamsungTv4Test" name="@AfterMethod tearDown" time="-1.586343992076E9">
    <skipped/>
  </testcase> <!-- @AfterMethod tearDown -->
  <testcase classname="aSathyaTestCases.SamsungTv4Test" name="@BeforeMethod setUp" time="-1.586343992076E9">
    <skipped/>
  </testcase> <!-- @BeforeMethod setUp -->
  <testcase classname="aSathyaTestCases.SamsungTv4Test" name="@AfterMethod tearDown" time="-1.586343992092E9">
    <skipped/>
  </testcase> <!-- @AfterMethod tearDown -->
  <testcase classname="aSathyaTestCases.LoginPageTest" name="loginpagetitleTest" time="2.351"/>
  <testcase classname="aSathyaTestCases.LoginPageTest" name="loginTest" time="6.7"/>
  <testcase classname="aSathyaTestCases.HomePageTest" name="validateHomePageTest" time="0.15"/>
  <testcase classname="aSathyaTestCases.HomePageTest" name="televisionPageTest" time="3.727"/>
  <testcase classname="aSathyaTestCases.TelevisionPageTest" name="validateTelevisionPageTest" time="0.02"/>
  <testcase classname="aSathyaTestCases.TelevisionPageTest" name="clickUltraHDTvTest" time="3.454"/>
  <testcase classname="aSathyaTestCases.UltraHDTvTest" name="validateUltraHDPageTest" time="0.015"/>
  <testcase classname="aSathyaTestCases.UltraHDTvTest" name="clickSamsungTv1Test" time="2.526"/>
  <testcase classname="aSathyaTestCases.UltraHDTvTest" name="clickSamsungTv2Test" time="8.449"/>
  <testcase classname="aSathyaTestCases.UltraHDTvTest" name="clickSamsungTv3Test" time="4.593"/>
  <testcase classname="aSathyaTestCases.UltraHDTvTest" name="clickSamsungTv4Test" time="5.272"/>
  <testcase classname="aSathyaTestCases.SamsungTv1Test" name="fecth" time="4.552">
    <failure type="java.lang.IllegalArgumentException" message="The workbook already contains a sheet named &amp;apos;SathyaDetail&amp;apos;">
      <![CDATA[java.lang.IllegalArgumentException: The workbook already contains a sheet named 'SathyaDetail'
at org.apache.poi.xssf.usermodel.XSSFWorkbook.validateSheetName(XSSFWorkbook.java:914)
at org.apache.poi.xssf.usermodel.XSSFWorkbook.createSheet(XSSFWorkbook.java:867)
at bSathyaPages.SamsungTv1.clickFeature(SamsungTv1.java:77)
at aSathyaTestCases.SamsungTv1Test.fecth(SamsungTv1Test.java:53)
at java.base/java.util.ArrayList.forEach(ArrayList.java:1540)
... Removed 27 stack frames]]>
    </failure>
  </testcase> <!-- fecth -->
  <testcase classname="aSathyaTestCases.SamsungTv1Test" name="validateSamsungTv1Test" time="0.056"/>
  <testcase classname="aSathyaTestCases.SamsungTv2Test" name="writeTv2Data" time="6.336"/>
  <testcase classname="aSathyaTestCases.SamsungTv2Test" name="validateSamsungTv2TitleTest" time="0.108"/>
  <testcase classname="aSathyaTestCases.SamsungTv3Test" name="validateSamsungTvTitleTest" time="0.372"/>
  <testcase classname="aSathyaTestCases.SamsungTv3Test" name="writeTv3Data" time="5.12"/>
  <testcase classname="aSathyaTestCases.SamsungTv4Test" name="entry" time="26.874"/>
  <testcase classname="aSathyaTestCases.SamsungTv4Test" name="writeTv4Data" time="0.0">
    <skipped/>
  </testcase> <!-- writeTv4Data -->
  <testcase classname="aSathyaTestCases.SamsungTv4Test" name="validateSamsungTv4TitleTest" time="0.0">
    <skipped/>
  </testcase> <!-- validateSamsungTv4TitleTest -->
</testsuite> <!-- Sathya Mavan Automation Test -->
